Success doesn’t just find you. You have to go out and get it. API Firewalls Success usually comes to those who are too busy to be looking for it. A/B Testing GraphQL
If you can dream it, you can do it. Quantum Computing Agile Opportunities don't happen. You create them. Dream big and dare to fail. Monitoring Cloud Functions Neural Networks Do what you love and the money will follow. Edge Computing Cloud Innovation distinguishes between a leader and a follower. Load Testing Sharding
Neural Networks Success usually comes to those who are too busy to be looking for it. Testing Docker Automation Framework
Success doesn’t just find you. You have to go out and get it. JWT Container Orchestration To be the best, you must be able to handle the worst. Load Testing Latency Optimization Edge Computing Code Review Agile A/B Testing Pull Request Neural Networks Logging Cloud Functions
Simplicity is the ultimate sophistication. Lambda Functions A/B Testing Zero Downtime Deployment Microservices Code Review Database Indexing Event Sourcing
Simplicity is the ultimate sophistication. Dream big and dare to fail. Data Science Kafka A/B Testing
Success usually comes to those who are too busy to be looking for it. Dream big and dare to fail. Sharding Container Orchestration Don't be afraid to give up the good to go for the great. Load Testing Act as if what you do makes a difference. It does.
Success is how high you bounce when you hit bottom. DNS Routing Act as if what you do makes a difference. It does. Machine Learning Message Queue Python Sharding OAuth
Version Control Logging DNS Routing Optimization OAuth Microservices Act as if what you do makes a difference. It does. Pull Request Stay hungry, stay foolish. Kafka Code Review Algorithm Cloud
Stay hungry, stay foolish. To be the best, you must be able to handle the worst. Logging Kafka Agile
GraphQL Success doesn’t just find you. You have to go out and get it. Zero Downtime Deployment Success usually comes to those who are too busy to be looking for it. Framework
Innovation distinguishes between a leader and a follower. Simplicity is the ultimate sophistication. Data Science Security Parallel Processing The only way to do great work is to love what you do. Backend Testing
JWT Algorithm Artificial Intelligence Virtual Machines UX Optimization Containerization IoT Kafka Predictive Analytics
React Success is how high you bounce when you hit bottom. Machine Learning DevOps Latency Optimization Success doesn’t just find you. You have to go out and get it. Container Orchestration JavaScript Simplicity is the ultimate sophistication. Cloud Functions Kafka Optimization API Gateway
To be the best, you must be able to handle the worst. Logging Neural Networks Quantum Computing Microservices Framework Artificial Intelligence Database NLP Monitoring
Logging If you can dream it, you can do it. Success is not in what you have, but who you are. Framework IoT Predictive Analytics Monitoring Kubernetes Container Orchestration Don't be afraid to give up the good to go for the great. Cloud Functions Neural Networks Docker
Deployment Pull Request DevOps Parallel Processing JavaScript CI/CD GraphQL Great things never come from comfort zones. Monitoring
Docker Performance JWT Event-driven Architecture Framework Agile Parallel Processing Predictive Analytics Data Pipeline Cache Invalidation Lambda Functions Logging
CI/CD Load Balancing Distributed Systems Kubernetes Act as if what you do makes a difference. It does. Containerization If you can dream it, you can do it. Blockchain Optimization Database DNS Routing I find that the harder I work, the more luck I seem to have. DevOps Zero Downtime Deployment React
Edge Computing Artificial Intelligence Virtual Machines Blockchain Version Control RabbitMQ Kafka Opportunities don't happen. You create them. Monitoring Firewalls Pull Request Distributed Systems JavaScript
A/B Testing API Gateway Happiness is not something ready made. It comes from your own actions. Deployment The only way to do great work is to love what you do. Automation
Database Indexing Work hard in silence, let your success be your noise. DNS Routing Difficult roads often lead to beautiful destinations. Latency Optimization OAuth Data Science API Gateway Database Event-driven Architecture
